<?xml version="1.0" encoding="UTF-8" ?>
<testsuite errors="0" failures="0" hostname="william-B85M-D3V" name="ImageTest" tests="1" time="0.171" timestamp="2015-08-25T03:04:29">
  <properties>
    <property name="java.runtime.name" value="Java(TM) SE Runtime Environment" />
    <property name="sun.boot.library.path" value="/opt/jdk1.6.0_45/jre/lib/amd64" />
    <property name="java.vm.version" value="20.45-b01" />
    <property name="ant.library.dir" value="/usr/local/ant/lib" />
    <property name="ant.version" value="Apache Ant version 1.7.1 compiled on June 27 2008" />
    <property name="ant.java.version" value="1.6" />
    <property name="java.vm.vendor" value="Sun Microsystems Inc." />
    <property name="java.vendor.url" value="http://java.sun.com/" />
    <property name="path.separator" value=":" />
    <property name="dist" value="/home/william/Grid-World/ImageReader" />
    <property name="java.vm.name" value="Java HotSpot(TM) 64-Bit Server VM" />
    <property name="file.encoding.pkg" value="sun.io" />
    <property name="user.country" value="US" />
    <property name="sun.java.launcher" value="SUN_STANDARD" />
    <property name="sun.os.patch.level" value="unknown" />
    <property name="java.vm.specification.name" value="Java Virtual Machine Specification" />
    <property name="user.dir" value="/home/william/Grid-World/ImageReader" />
    <property name="java.runtime.version" value="1.6.0_45-b06" />
    <property name="java.awt.graphicsenv" value="sun.awt.X11GraphicsEnvironment" />
    <property name="basedir" value="/home/william/Grid-World/ImageReader" />
    <property name="java.endorsed.dirs" value="/opt/jdk1.6.0_45/jre/lib/endorsed" />
    <property name="os.arch" value="amd64" />
    <property name="java.io.tmpdir" value="/tmp" />
    <property name="ant.core.lib" value="/usr/local/ant/lib/ant.jar" />
    <property name="line.separator" value="
" />
    <property name="java.vm.specification.vendor" value="Sun Microsystems Inc." />
    <property name="os.name" value="Linux" />
    <property name="ant.home" value="/usr/local/ant" />
    <property name="ant.project.name" value="ImageProcessor" />
    <property name="sun.jnu.encoding" value="UTF-8" />
    <property name="java.library.path" value="/opt/jdk1.6.0_45/jre/lib/amd64/server:/opt/jdk1.6.0_45/jre/lib/amd64:/opt/jdk1.6.0_45/jre/../lib/amd64:/usr/java/packages/lib/amd64:/usr/lib64:/lib64:/lib:/usr/lib" />
    <property name="src" value="/home/william/Grid-World/ImageReader" />
    <property name="java.specification.name" value="Java Platform API Specification" />
    <property name="java.class.version" value="50.0" />
    <property name="sun.management.compiler" value="HotSpot 64-Bit Tiered Compilers" />
    <property name="os.version" value="3.13.0-48-generic" />
    <property name="ant.file" value="/home/william/Grid-World/ImageReader/build.xml" />
    <property name="user.home" value="/home/william" />
    <property name="user.timezone" value="" />
    <property name="java.awt.printerjob" value="sun.print.PSPrinterJob" />
    <property name="file.encoding" value="UTF-8" />
    <property name="java.specification.version" value="1.6" />
    <property name="java.class.path" value="/usr/local/ant/lib/ant-launcher.jar:/home/william/Grid-World/ImageReader/./:/opt/jdk1.6.0_45/lib/dt.jar:/opt/jdk1.6.0_45/lib/tools.jar:/opt/jdk1.6.0_45/lib/junit-4.9.jar:/usr/local/ant/lib/ant.jar:/usr/local/ant/lib/ant-jai.jar:/usr/local/ant/lib/ant-apache-bcel.jar:/usr/local/ant/lib/ant-antlr.jar:/usr/local/ant/lib/ant-jdepend.jar:/usr/local/ant/lib/ant-apache-oro.jar:/usr/local/ant/lib/ant-jmf.jar:/usr/local/ant/lib/ant-testutil.jar:/usr/local/ant/lib/xml-apis.jar:/usr/local/ant/lib/ant-swing.jar:/usr/local/ant/lib/ant-nodeps.jar:/usr/local/ant/lib/ant-apache-bsf.jar:/usr/local/ant/lib/ant-commons-logging.jar:/usr/local/ant/lib/ant-starteam.jar:/usr/local/ant/lib/xercesImpl.jar:/usr/local/ant/lib/ant-trax.jar:/usr/local/ant/lib/ant-apache-log4j.jar:/usr/local/ant/lib/ant-apache-regexp.jar:/usr/local/ant/lib/ant-commons-net.jar:/usr/local/ant/lib/ant-javamail.jar:/usr/local/ant/lib/ant-launcher.jar:/usr/local/ant/lib/ant-netrexx.jar:/usr/local/ant/lib/ant-junit.jar:/usr/local/ant/lib/ant-weblogic.jar:/usr/local/ant/lib/ant-stylebook.jar:/usr/local/ant/lib/ant-jsch.jar:/usr/local/ant/lib/ant-apache-resolver.jar:/opt/jdk1.6.0_45/lib/tools.jar" />
    <property name="user.name" value="william" />
    <property name="java.vm.specification.version" value="1.0" />
    <property name="java.home" value="/opt/jdk1.6.0_45/jre" />
    <property name="sun.java.command" value="org.apache.tools.ant.launch.Launcher -cp .:/opt/jdk1.6.0_45/lib/dt.jar:/opt/jdk1.6.0_45/lib/tools.jar:/opt/jdk1.6.0_45/lib/junit-4.9.jar: test" />
    <property name="sun.arch.data.model" value="64" />
    <property name="user.language" value="en" />
    <property name="java.specification.vendor" value="Sun Microsystems Inc." />
    <property name="java.vm.info" value="mixed mode" />
    <property name="java.version" value="1.6.0_45" />
    <property name="java.ext.dirs" value="/opt/jdk1.6.0_45/jre/lib/ext:/usr/java/packages/lib/ext" />
    <property name="sun.boot.class.path" value="/opt/jdk1.6.0_45/jre/lib/resources.jar:/opt/jdk1.6.0_45/jre/lib/rt.jar:/opt/jdk1.6.0_45/jre/lib/sunrsasign.jar:/opt/jdk1.6.0_45/jre/lib/jsse.jar:/opt/jdk1.6.0_45/jre/lib/jce.jar:/opt/jdk1.6.0_45/jre/lib/charsets.jar:/opt/jdk1.6.0_45/jre/lib/modules/jdk.boot.jar:/opt/jdk1.6.0_45/jre/classes" />
    <property name="java.vendor" value="Sun Microsystems Inc." />
    <property name="ant.file.ImageProcessor" value="/home/william/Grid-World/ImageReader/build.xml" />
    <property name="file.separator" value="/" />
    <property name="jar" value="/home/william/Grid-World/ImageReader/jar" />
    <property name="java.vendor.url.bug" value="http://java.sun.com/cgi-bin/bugreport.cgi" />
    <property name="sun.cpu.endian" value="little" />
    <property name="sun.io.unicode.encoding" value="UnicodeLittle" />
    <property name="sun.desktop" value="gnome" />
    <property name="sun.cpu.isalist" value="" />
  </properties>
  <testcase classname="ImageTest" name="testFiles" time="0.0060" />
  <system-out><![CDATA[ErrorTest over.
]]></system-out>
  <system-err><![CDATA[]]></system-err>
</testsuite>
